DEBUG 2019-12-03 13:33:23,522 Processing target: beaker-new
DEBUG 2019-12-03 13:33:23,529 rundb_id: 1
DEBUG 2019-12-03 13:33:23,529 uhash: 19fde4
DEBUG 2019-12-03 13:33:23,614 calling: preup
DEBUG 2019-12-03 13:33:23,614 hook preup initiated
DEBUG 2019-12-03 13:33:25,616 STATE - Unsuccessful provision of resource
DEBUG 2019-12-03 13:36:26,757 STATE - Target 'bkr-new' does not exist.
DEBUG 2019-12-03 13:36:39,981 Processing target: beaker-new
DEBUG 2019-12-03 13:36:39,995 rundb_id: 2
DEBUG 2019-12-03 13:36:39,995 uhash: 11aa41
DEBUG 2019-12-03 13:36:40,074 calling: preup
DEBUG 2019-12-03 13:36:40,074 hook preup initiated
DEBUG 2019-12-03 13:36:41,891 STATE - Unsuccessful provision of resource
DEBUG 2019-12-03 13:38:07,749 Processing target: beaker-new
DEBUG 2019-12-03 13:38:07,757 rundb_id: 3
DEBUG 2019-12-03 13:38:07,757 uhash: c4c57e
DEBUG 2019-12-03 13:38:07,840 calling: preup
DEBUG 2019-12-03 13:38:07,840 hook preup initiated
DEBUG 2019-12-03 13:38:09,935 STATE - Unsuccessful provision of resource
DEBUG 2019-12-03 13:38:54,521 Processing target: beaker-new
DEBUG 2019-12-03 13:38:54,528 rundb_id: 4
DEBUG 2019-12-03 13:38:54,528 uhash: e0e677
DEBUG 2019-12-03 13:38:54,605 calling: preup
DEBUG 2019-12-03 13:38:54,605 hook preup initiated
DEBUG 2019-12-03 13:38:56,487 STATE - Unsuccessful provision of resource
